Performing C SOURCE FILE Test CMAKE_HAVE_LIBC_PTHREAD failed with the following output:
Change Dir: /home/powerbox/source/repos/genie/build-mingw/CMakeFiles/CMakeTmp

Run Build Command(s):/usr/bin/gmake -f Makefile cmTC_7a18e/fast && /usr/bin/gmake  -f CMakeFiles/cmTC_7a18e.dir/build.make CMakeFiles/cmTC_7a18e.dir/build
gmake[1]: Entering directory '/home/powerbox/source/repos/genie/build-mingw/CMakeFiles/CMakeTmp'
Building C object CMakeFiles/cmTC_7a18e.dir/src.c.obj
/usr/bin/x86_64-w64-mingw32-gcc -DCMAKE_HAVE_LIBC_PTHREAD   -o CMakeFiles/cmTC_7a18e.dir/src.c.obj -c /home/powerbox/source/repos/genie/build-mingw/CMakeFiles/CMakeTmp/src.c
Linking C executable cmTC_7a18e.exe
/usr/bin/cmake -E cmake_link_script CMakeFiles/cmTC_7a18e.dir/link.txt --verbose=1
/usr/bin/cmake -E rm -f CMakeFiles/cmTC_7a18e.dir/objects.a
/usr/bin/x86_64-w64-mingw32-ar qc CMakeFiles/cmTC_7a18e.dir/objects.a @CMakeFiles/cmTC_7a18e.dir/objects1.rsp
/usr/bin/x86_64-w64-mingw32-gcc -Wl,--whole-archive CMakeFiles/cmTC_7a18e.dir/objects.a -Wl,--no-whole-archive -o cmTC_7a18e.exe -Wl,--out-implib,libcmTC_7a18e.dll.a -Wl,--major-image-version,0,--minor-image-version,0 @CMakeFiles/cmTC_7a18e.dir/linklibs.rsp
/usr/bin/x86_64-w64-mingw32-ld: CMakeFiles/cmTC_7a18e.dir/objects.a(src.c.obj):src.c:(.text+0x35): undefined reference to `pthread_create'
/usr/bin/x86_64-w64-mingw32-ld: CMakeFiles/cmTC_7a18e.dir/objects.a(src.c.obj):src.c:(.text+0x41): undefined reference to `pthread_detach'
/usr/bin/x86_64-w64-mingw32-ld: CMakeFiles/cmTC_7a18e.dir/objects.a(src.c.obj):src.c:(.text+0x4d): undefined reference to `pthread_cancel'
/usr/bin/x86_64-w64-mingw32-ld: CMakeFiles/cmTC_7a18e.dir/objects.a(src.c.obj):src.c:(.text+0x5e): undefined reference to `pthread_join'
/usr/bin/x86_64-w64-mingw32-ld: CMakeFiles/cmTC_7a18e.dir/objects.a(src.c.obj):src.c:(.text+0x68): undefined reference to `pthread_exit'
collect2: error: ld returned 1 exit status
gmake[1]: *** [CMakeFiles/cmTC_7a18e.dir/build.make:101: cmTC_7a18e.exe] Error 1
gmake[1]: Leaving directory '/home/powerbox/source/repos/genie/build-mingw/CMakeFiles/CMakeTmp'
gmake: *** [Makefile:127: cmTC_7a18e/fast] Error 2


Source file was:
#include <pthread.h>

static void* test_func(void* data)
{
  return data;
}

int main(void)
{
  pthread_t thread;
  pthread_create(&thread, NULL, test_func, NULL);
  pthread_detach(thread);
  pthread_cancel(thread);
  pthread_join(thread, NULL);
  pthread_atfork(NULL, NULL, NULL);
  pthread_exit(NULL);

  return 0;
}

Determining if the function pthread_create exists in the pthreads failed with the following output:
Change Dir: /home/powerbox/source/repos/genie/build-mingw/CMakeFiles/CMakeTmp

Run Build Command(s):/usr/bin/gmake -f Makefile cmTC_7f844/fast && /usr/bin/gmake  -f CMakeFiles/cmTC_7f844.dir/build.make CMakeFiles/cmTC_7f844.dir/build
gmake[1]: Entering directory '/home/powerbox/source/repos/genie/build-mingw/CMakeFiles/CMakeTmp'
Building C object CMakeFiles/cmTC_7f844.dir/CheckFunctionExists.c.obj
/usr/bin/x86_64-w64-mingw32-gcc   -DCHECK_FUNCTION_EXISTS=pthread_create -o CMakeFiles/cmTC_7f844.dir/CheckFunctionExists.c.obj -c /usr/share/cmake-3.22/Modules/CheckFunctionExists.c
Linking C executable cmTC_7f844.exe
/usr/bin/cmake -E cmake_link_script CMakeFiles/cmTC_7f844.dir/link.txt --verbose=1
/usr/bin/cmake -E rm -f CMakeFiles/cmTC_7f844.dir/objects.a
/usr/bin/x86_64-w64-mingw32-ar qc CMakeFiles/cmTC_7f844.dir/objects.a @CMakeFiles/cmTC_7f844.dir/objects1.rsp
/usr/bin/x86_64-w64-mingw32-gcc  -DCHECK_FUNCTION_EXISTS=pthread_create -Wl,--whole-archive CMakeFiles/cmTC_7f844.dir/objects.a -Wl,--no-whole-archive -o cmTC_7f844.exe -Wl,--out-implib,libcmTC_7f844.dll.a -Wl,--major-image-version,0,--minor-image-version,0 @CMakeFiles/cmTC_7f844.dir/linklibs.rsp
/usr/bin/x86_64-w64-mingw32-ld: cannot find -lpthreads: No such file or directory
collect2: error: ld returned 1 exit status
gmake[1]: *** [CMakeFiles/cmTC_7f844.dir/build.make:101: cmTC_7f844.exe] Error 1
gmake[1]: Leaving directory '/home/powerbox/source/repos/genie/build-mingw/CMakeFiles/CMakeTmp'
gmake: *** [Makefile:127: cmTC_7f844/fast] Error 2



Performing C SOURCE FILE Test CMAKE_HAVE_LIBC_PTHREAD failed with the following output:
Change Dir: /home/powerbox/source/repos/genie/build-mingw/CMakeFiles/CMakeTmp

Run Build Command(s):/usr/bin/gmake -f Makefile cmTC_d6ff0/fast && /usr/bin/gmake  -f CMakeFiles/cmTC_d6ff0.dir/build.make CMakeFiles/cmTC_d6ff0.dir/build
gmake[1]: Entering directory '/home/powerbox/source/repos/genie/build-mingw/CMakeFiles/CMakeTmp'
Building C object CMakeFiles/cmTC_d6ff0.dir/src.c.obj
/usr/bin/x86_64-w64-mingw32-gcc -DCMAKE_HAVE_LIBC_PTHREAD   -o CMakeFiles/cmTC_d6ff0.dir/src.c.obj -c /home/powerbox/source/repos/genie/build-mingw/CMakeFiles/CMakeTmp/src.c
Linking C executable cmTC_d6ff0.exe
/usr/bin/cmake -E cmake_link_script CMakeFiles/cmTC_d6ff0.dir/link.txt --verbose=1
/usr/bin/cmake -E rm -f CMakeFiles/cmTC_d6ff0.dir/objects.a
/usr/bin/x86_64-w64-mingw32-ar qc CMakeFiles/cmTC_d6ff0.dir/objects.a @CMakeFiles/cmTC_d6ff0.dir/objects1.rsp
/usr/bin/x86_64-w64-mingw32-gcc -Wl,--whole-archive CMakeFiles/cmTC_d6ff0.dir/objects.a -Wl,--no-whole-archive -o cmTC_d6ff0.exe -Wl,--out-implib,libcmTC_d6ff0.dll.a -Wl,--major-image-version,0,--minor-image-version,0 @CMakeFiles/cmTC_d6ff0.dir/linklibs.rsp
/usr/bin/x86_64-w64-mingw32-ld: CMakeFiles/cmTC_d6ff0.dir/objects.a(src.c.obj):src.c:(.text+0x35): undefined reference to `pthread_create'
/usr/bin/x86_64-w64-mingw32-ld: CMakeFiles/cmTC_d6ff0.dir/objects.a(src.c.obj):src.c:(.text+0x41): undefined reference to `pthread_detach'
/usr/bin/x86_64-w64-mingw32-ld: CMakeFiles/cmTC_d6ff0.dir/objects.a(src.c.obj):src.c:(.text+0x4d): undefined reference to `pthread_cancel'
/usr/bin/x86_64-w64-mingw32-ld: CMakeFiles/cmTC_d6ff0.dir/objects.a(src.c.obj):src.c:(.text+0x5e): undefined reference to `pthread_join'
/usr/bin/x86_64-w64-mingw32-ld: CMakeFiles/cmTC_d6ff0.dir/objects.a(src.c.obj):src.c:(.text+0x68): undefined reference to `pthread_exit'
collect2: error: ld returned 1 exit status
gmake[1]: *** [CMakeFiles/cmTC_d6ff0.dir/build.make:101: cmTC_d6ff0.exe] Error 1
gmake[1]: Leaving directory '/home/powerbox/source/repos/genie/build-mingw/CMakeFiles/CMakeTmp'
gmake: *** [Makefile:127: cmTC_d6ff0/fast] Error 2


Source file was:
#include <pthread.h>

static void* test_func(void* data)
{
  return data;
}

int main(void)
{
  pthread_t thread;
  pthread_create(&thread, NULL, test_func, NULL);
  pthread_detach(thread);
  pthread_cancel(thread);
  pthread_join(thread, NULL);
  pthread_atfork(NULL, NULL, NULL);
  pthread_exit(NULL);

  return 0;
}

Determining if the function pthread_create exists in the pthreads failed with the following output:
Change Dir: /home/powerbox/source/repos/genie/build-mingw/CMakeFiles/CMakeTmp

Run Build Command(s):/usr/bin/gmake -f Makefile cmTC_83160/fast && /usr/bin/gmake  -f CMakeFiles/cmTC_83160.dir/build.make CMakeFiles/cmTC_83160.dir/build
gmake[1]: Entering directory '/home/powerbox/source/repos/genie/build-mingw/CMakeFiles/CMakeTmp'
Building C object CMakeFiles/cmTC_83160.dir/CheckFunctionExists.c.obj
/usr/bin/x86_64-w64-mingw32-gcc   -DCHECK_FUNCTION_EXISTS=pthread_create -o CMakeFiles/cmTC_83160.dir/CheckFunctionExists.c.obj -c /usr/share/cmake-3.22/Modules/CheckFunctionExists.c
Linking C executable cmTC_83160.exe
/usr/bin/cmake -E cmake_link_script CMakeFiles/cmTC_83160.dir/link.txt --verbose=1
/usr/bin/cmake -E rm -f CMakeFiles/cmTC_83160.dir/objects.a
/usr/bin/x86_64-w64-mingw32-ar qc CMakeFiles/cmTC_83160.dir/objects.a @CMakeFiles/cmTC_83160.dir/objects1.rsp
/usr/bin/x86_64-w64-mingw32-gcc  -DCHECK_FUNCTION_EXISTS=pthread_create -Wl,--whole-archive CMakeFiles/cmTC_83160.dir/objects.a -Wl,--no-whole-archive -o cmTC_83160.exe -Wl,--out-implib,libcmTC_83160.dll.a -Wl,--major-image-version,0,--minor-image-version,0 @CMakeFiles/cmTC_83160.dir/linklibs.rsp
/usr/bin/x86_64-w64-mingw32-ld: cannot find -lpthreads: No such file or directory
collect2: error: ld returned 1 exit status
gmake[1]: *** [CMakeFiles/cmTC_83160.dir/build.make:101: cmTC_83160.exe] Error 1
gmake[1]: Leaving directory '/home/powerbox/source/repos/genie/build-mingw/CMakeFiles/CMakeTmp'
gmake: *** [Makefile:127: cmTC_83160/fast] Error 2



