Performing C SOURCE FILE Test CMAKE_HAVE_LIBC_PTHREAD failed with the following output:
Change Dir: /home/powerbox/source/repos/genie/build/CMakeFiles/CMakeTmp

Run Build Command(s):/usr/bin/gmake -f Makefile cmTC_4bb7f/fast && /usr/bin/gmake  -f CMakeFiles/cmTC_4bb7f.dir/build.make CMakeFiles/cmTC_4bb7f.dir/build
gmake[1]: Entering directory '/home/powerbox/source/repos/genie/build/CMakeFiles/CMakeTmp'
Building C object CMakeFiles/cmTC_4bb7f.dir/src.c.obj
/usr/bin/x86_64-w64-mingw32-gcc -DCMAKE_HAVE_LIBC_PTHREAD   -o CMakeFiles/cmTC_4bb7f.dir/src.c.obj -c /home/powerbox/source/repos/genie/build/CMakeFiles/CMakeTmp/src.c
Linking C executable cmTC_4bb7f.exe
/usr/bin/cmake -E cmake_link_script CMakeFiles/cmTC_4bb7f.dir/link.txt --verbose=1
/usr/bin/cmake -E rm -f CMakeFiles/cmTC_4bb7f.dir/objects.a
/usr/bin/x86_64-w64-mingw32-ar qc CMakeFiles/cmTC_4bb7f.dir/objects.a @CMakeFiles/cmTC_4bb7f.dir/objects1.rsp
/usr/bin/x86_64-w64-mingw32-gcc -Wl,--whole-archive CMakeFiles/cmTC_4bb7f.dir/objects.a -Wl,--no-whole-archive -o cmTC_4bb7f.exe -Wl,--out-implib,libcmTC_4bb7f.dll.a -Wl,--major-image-version,0,--minor-image-version,0 @CMakeFiles/cmTC_4bb7f.dir/linklibs.rsp
/usr/bin/x86_64-w64-mingw32-ld: CMakeFiles/cmTC_4bb7f.dir/objects.a(src.c.obj):src.c:(.text+0x35): undefined reference to `pthread_create'
/usr/bin/x86_64-w64-mingw32-ld: CMakeFiles/cmTC_4bb7f.dir/objects.a(src.c.obj):src.c:(.text+0x41): undefined reference to `pthread_detach'
/usr/bin/x86_64-w64-mingw32-ld: CMakeFiles/cmTC_4bb7f.dir/objects.a(src.c.obj):src.c:(.text+0x4d): undefined reference to `pthread_cancel'
/usr/bin/x86_64-w64-mingw32-ld: CMakeFiles/cmTC_4bb7f.dir/objects.a(src.c.obj):src.c:(.text+0x5e): undefined reference to `pthread_join'
/usr/bin/x86_64-w64-mingw32-ld: CMakeFiles/cmTC_4bb7f.dir/objects.a(src.c.obj):src.c:(.text+0x68): undefined reference to `pthread_exit'
collect2: error: ld returned 1 exit status
gmake[1]: *** [CMakeFiles/cmTC_4bb7f.dir/build.make:101: cmTC_4bb7f.exe] Error 1
gmake[1]: Leaving directory '/home/powerbox/source/repos/genie/build/CMakeFiles/CMakeTmp'
gmake: *** [Makefile:127: cmTC_4bb7f/fast] Error 2


Source file was:
#include <pthread.h>

static void* test_func(void* data)
{
  return data;
}

int main(void)
{
  pthread_t thread;
  pthread_create(&thread, NULL, test_func, NULL);
  pthread_detach(thread);
  pthread_cancel(thread);
  pthread_join(thread, NULL);
  pthread_atfork(NULL, NULL, NULL);
  pthread_exit(NULL);

  return 0;
}

Determining if the function pthread_create exists in the pthreads failed with the following output:
Change Dir: /home/powerbox/source/repos/genie/build/CMakeFiles/CMakeTmp

Run Build Command(s):/usr/bin/gmake -f Makefile cmTC_9be75/fast && /usr/bin/gmake  -f CMakeFiles/cmTC_9be75.dir/build.make CMakeFiles/cmTC_9be75.dir/build
gmake[1]: Entering directory '/home/powerbox/source/repos/genie/build/CMakeFiles/CMakeTmp'
Building C object CMakeFiles/cmTC_9be75.dir/CheckFunctionExists.c.obj
/usr/bin/x86_64-w64-mingw32-gcc   -DCHECK_FUNCTION_EXISTS=pthread_create -o CMakeFiles/cmTC_9be75.dir/CheckFunctionExists.c.obj -c /usr/share/cmake-3.22/Modules/CheckFunctionExists.c
Linking C executable cmTC_9be75.exe
/usr/bin/cmake -E cmake_link_script CMakeFiles/cmTC_9be75.dir/link.txt --verbose=1
/usr/bin/cmake -E rm -f CMakeFiles/cmTC_9be75.dir/objects.a
/usr/bin/x86_64-w64-mingw32-ar qc CMakeFiles/cmTC_9be75.dir/objects.a @CMakeFiles/cmTC_9be75.dir/objects1.rsp
/usr/bin/x86_64-w64-mingw32-gcc  -DCHECK_FUNCTION_EXISTS=pthread_create -Wl,--whole-archive CMakeFiles/cmTC_9be75.dir/objects.a -Wl,--no-whole-archive -o cmTC_9be75.exe -Wl,--out-implib,libcmTC_9be75.dll.a -Wl,--major-image-version,0,--minor-image-version,0 @CMakeFiles/cmTC_9be75.dir/linklibs.rsp
/usr/bin/x86_64-w64-mingw32-ld: cannot find -lpthreads: No such file or directory
collect2: error: ld returned 1 exit status
gmake[1]: *** [CMakeFiles/cmTC_9be75.dir/build.make:101: cmTC_9be75.exe] Error 1
gmake[1]: Leaving directory '/home/powerbox/source/repos/genie/build/CMakeFiles/CMakeTmp'
gmake: *** [Makefile:127: cmTC_9be75/fast] Error 2



Determining if the function dnet_ntoa exists in the dnet failed with the following output:
Change Dir: /home/powerbox/source/repos/genie/build/CMakeFiles/CMakeTmp

Run Build Command(s):/usr/bin/gmake -f Makefile cmTC_9b0bb/fast && /usr/bin/gmake  -f CMakeFiles/cmTC_9b0bb.dir/build.make CMakeFiles/cmTC_9b0bb.dir/build
gmake[1]: Entering directory '/home/powerbox/source/repos/genie/build/CMakeFiles/CMakeTmp'
Building C object CMakeFiles/cmTC_9b0bb.dir/CheckFunctionExists.c.o
/usr/bin/cc   -DCHECK_FUNCTION_EXISTS=dnet_ntoa -o CMakeFiles/cmTC_9b0bb.dir/CheckFunctionExists.c.o -c /usr/share/cmake-3.22/Modules/CheckFunctionExists.c
Linking C executable cmTC_9b0bb
/usr/bin/cmake -E cmake_link_script CMakeFiles/cmTC_9b0bb.dir/link.txt --verbose=1
/usr/bin/cc  -DCHECK_FUNCTION_EXISTS=dnet_ntoa CMakeFiles/cmTC_9b0bb.dir/CheckFunctionExists.c.o -o cmTC_9b0bb  -ldnet 
/usr/bin/ld: cannot find -ldnet: No such file or directory
collect2: error: ld returned 1 exit status
gmake[1]: *** [CMakeFiles/cmTC_9b0bb.dir/build.make:99: cmTC_9b0bb] Error 1
gmake[1]: Leaving directory '/home/powerbox/source/repos/genie/build/CMakeFiles/CMakeTmp'
gmake: *** [Makefile:127: cmTC_9b0bb/fast] Error 2



Determining if the function dnet_ntoa exists in the dnet_stub failed with the following output:
Change Dir: /home/powerbox/source/repos/genie/build/CMakeFiles/CMakeTmp

Run Build Command(s):/usr/bin/gmake -f Makefile cmTC_980ba/fast && /usr/bin/gmake  -f CMakeFiles/cmTC_980ba.dir/build.make CMakeFiles/cmTC_980ba.dir/build
gmake[1]: Entering directory '/home/powerbox/source/repos/genie/build/CMakeFiles/CMakeTmp'
Building C object CMakeFiles/cmTC_980ba.dir/CheckFunctionExists.c.o
/usr/bin/cc   -DCHECK_FUNCTION_EXISTS=dnet_ntoa -o CMakeFiles/cmTC_980ba.dir/CheckFunctionExists.c.o -c /usr/share/cmake-3.22/Modules/CheckFunctionExists.c
Linking C executable cmTC_980ba
/usr/bin/cmake -E cmake_link_script CMakeFiles/cmTC_980ba.dir/link.txt --verbose=1
/usr/bin/cc  -DCHECK_FUNCTION_EXISTS=dnet_ntoa CMakeFiles/cmTC_980ba.dir/CheckFunctionExists.c.o -o cmTC_980ba  -ldnet_stub 
/usr/bin/ld: cannot find -ldnet_stub: No such file or directory
collect2: error: ld returned 1 exit status
gmake[1]: *** [CMakeFiles/cmTC_980ba.dir/build.make:99: cmTC_980ba] Error 1
gmake[1]: Leaving directory '/home/powerbox/source/repos/genie/build/CMakeFiles/CMakeTmp'
gmake: *** [Makefile:127: cmTC_980ba/fast] Error 2



